<?xml version="1.0" encoding="UTF-8"?>
<!-- Generated by org.testng.reporters.JUnitReportReporter -->
<testsuite hostname="ISCHLAPHP21507" failures="0" tests="2" name="com.suri.test.DataProviderExample" time="28.179" errors="0" timestamp="2022-12-05T13:16:25 IST" skipped="0">
  <testcase classname="com.suri.test.DataProviderExample" name="TestLogin" time="16.861"/>
  <system-out/>
  <testcase classname="com.suri.test.DataProviderExample" name="TestLogin" time="11.318"/>
  <system-out/>
</testsuite> <!-- com.suri.test.DataProviderExample -->
