<?xml version="1.0" encoding="UTF-8"?>
<!-- Generated by org.testng.reporters.JUnitReportReporter -->
<testsuite hostname="ISCHLAPHP21507" failures="0" tests="2" name="com.suri.test.GroupingExample2" time="0.020" errors="0" timestamp="2022-12-05T12:37:19 IST" skipped="0">
  <testcase classname="com.suri.test.GroupingExample2" name="five" time="0.018"/>
  <system-out/>
  <testcase classname="com.suri.test.GroupingExample2" name="four" time="0.002"/>
  <system-out/>
</testsuite> <!-- com.suri.test.GroupingExample2 -->
