<?xml version="1.0" encoding="UTF-8"?>
<!-- Generated by org.testng.reporters.JUnitReportReporter -->
<testsuite hostname="ISCHLAPHP21507" failures="0" tests="3" name="com.suri.test.Annotations_CRMPro" time="85.078" errors="0" timestamp="2023-02-07T11:32:52 IST" skipped="0">
  <testcase classname="com.suri.test.Annotations_CRMPro" name="Loginsession" time="68.982"/>
  <system-out/>
  <testcase classname="com.suri.test.Annotations_CRMPro" name="calendarBar" time="9.071"/>
  <system-out/>
  <testcase classname="com.suri.test.Annotations_CRMPro" name="contactbar" time="7.025"/>
  <system-out/>
</testsuite> <!-- com.suri.test.Annotations_CRMPro -->
