<?xml version="1.0" encoding="UTF-8"?>
<!-- Generated by org.testng.reporters.JUnitReportReporter -->
<testsuite hostname="ISCHLAPHP21507" failures="0" tests="3" name="com.suri.test.DP_parameters" time="0.016" errors="0" timestamp="2022-12-05T12:45:00 IST" skipped="0">
  <testcase classname="com.suri.test.DP_parameters" name="login" time="0.002"/>
  <system-out/>
  <testcase classname="com.suri.test.DP_parameters" name="login" time="0.012"/>
  <system-out/>
  <testcase classname="com.suri.test.DP_parameters" name="login" time="0.002"/>
  <system-out/>
</testsuite> <!-- com.suri.test.DP_parameters -->
