<?xml version="1.0" encoding="UTF-8"?>
<!-- Generated by org.testng.reporters.JUnitReportReporter -->
<testsuite hostname="ISCHLAPHP21507" failures="0" tests="3" name="com.suri.test.EnableAndDesable" time="13.314" errors="0" timestamp="2022-12-05T12:40:34 IST" skipped="2">
  <testcase classname="com.suri.test.EnableAndDesable" name="facebook" time="13.314"/>
  <system-out/>
  <testcase classname="com.suri.test.EnableAndDesable" name="TestGoogle">
    <skipped/>
  </testcase> <!-- TestGoogle -->
  <system-out/>
  <testcase classname="com.suri.test.EnableAndDesable" name="TestGoogle">
    <skipped/>
  </testcase> <!-- TestGoogle -->
  <system-out/>
</testsuite> <!-- com.suri.test.EnableAndDesable -->
