<?xml version="1.0" encoding="UTF-8"?>
<!-- Generated by org.testng.reporters.JUnitReportReporter -->
<testsuite hostname="ISCHLAPHP21507" failures="0" tests="3" name="com.suri.test.Annotations_CRMPro" time="34.685" errors="0" timestamp="2023-02-01T17:36:11 IST" skipped="0">
  <testcase classname="com.suri.test.Annotations_CRMPro" name="Loginsession" time="20.783"/>
  <system-out/>
  <testcase classname="com.suri.test.Annotations_CRMPro" name="calendarBar" time="7.827"/>
  <system-out/>
  <testcase classname="com.suri.test.Annotations_CRMPro" name="contactbar" time="6.075"/>
  <system-out/>
</testsuite> <!-- com.suri.test.Annotations_CRMPro -->
