<?xml version="1.0" encoding="UTF-8"?>
<!-- Generated by org.testng.reporters.JUnitReportReporter -->
<testsuite hostname="ISCHLAPHP21507" failures="0" tests="2" name="com.suri.test.GroupingExample1" time="0.021" errors="0" timestamp="2022-12-05T12:34:58 IST" skipped="0">
  <testcase classname="com.suri.test.GroupingExample1" name="one" time="0.018"/>
  <system-out/>
  <testcase classname="com.suri.test.GroupingExample1" name="three" time="0.003"/>
  <system-out/>
</testsuite> <!-- com.suri.test.GroupingExample1 -->
