<?xml version="1.0" encoding="UTF-8"?>
<!-- Generated by org.testng.reporters.JUnitReportReporter -->
<testsuite hostname="ISCHLAPHP21507" failures="0" tests="3" name="com.suri.test.GroupingExample" time="0.012" errors="0" timestamp="2022-11-25T11:39:06 IST" skipped="0">
  <testcase classname="com.suri.test.GroupingExample" name="one" time="0.011"/>
  <system-out/>
  <testcase classname="com.suri.test.GroupingExample" name="two" time="0.001"/>
  <system-out/>
  <testcase classname="com.suri.test.GroupingExample" name="three" time="0.000"/>
  <system-out/>
</testsuite> <!-- com.suri.test.GroupingExample -->
