<?xml version="1.0" encoding="UTF-8"?>
<!-- Generated by org.testng.reporters.JUnitReportReporter -->
<testsuite hostname="ISCHLAPHP21507" failures="0" tests="2" name="com.suri.test.BeforeAfter" time="0.014" errors="0" timestamp="2022-11-24T19:39:11 IST" skipped="0">
  <testcase classname="com.suri.test.BeforeAfter" name="f2" time="0.013"/>
  <system-out/>
  <testcase classname="com.suri.test.BeforeAfter" name="f1" time="0.001"/>
  <system-out/>
</testsuite> <!-- com.suri.test.BeforeAfter -->
