<?xml version="1.0" encoding="UTF-8"?>
<!-- Generated by org.testng.reporters.JUnitReportReporter -->
<testsuite hostname="ISCHLAPHP21507" failures="0" tests="2" name="com.suri.test.AssertExample" time="31.745" errors="0" timestamp="2022-12-12T18:28:41 IST" skipped="0">
  <testcase classname="com.suri.test.AssertExample" name="equalsOrNot" time="18.002"/>
  <system-out/>
  <testcase classname="com.suri.test.AssertExample" name="facebook" time="13.743"/>
  <system-out/>
</testsuite> <!-- com.suri.test.AssertExample -->
