<?xml version="1.0" encoding="UTF-8"?>
<!-- Generated by org.testng.reporters.JUnitReportReporter -->
<testsuite hostname="ISCHLAPHP21507" failures="0" tests="2" name="com.suri.test.GroupingExample3" time="0.018" errors="0" timestamp="2022-12-05T12:37:41 IST" skipped="0">
  <testcase classname="com.suri.test.GroupingExample3" name="y" time="0.016"/>
  <system-out/>
  <testcase classname="com.suri.test.GroupingExample3" name="z" time="0.002"/>
  <system-out/>
</testsuite> <!-- com.suri.test.GroupingExample3 -->
