<?xml version="1.0" encoding="UTF-8"?>
<!-- Generated by org.testng.reporters.JUnitReportReporter -->
<testsuite hostname="ISCHLAPHP21507" failures="0" tests="2" name="com.crm.qa.testcases.LoginPageTest" time="48.408" errors="0" timestamp="24 Jan 2023 09:06:00 GMT" skipped="0">
  <testcase classname="com.crm.qa.testcases.LoginPageTest" name="loginPageTitleTest" time="17.997"/>
  <testcase classname="com.crm.qa.testcases.LoginPageTest" name="loginTest" time="30.411"/>
</testsuite> <!-- com.crm.qa.testcases.LoginPageTest -->
